time elapsed (wall):   121.0648
time running program:  83.6153  (69.07%)
time profiling (est.): 37.4496  (30.93%)
number of calls:       23802170

%Time    Sec.     #calls   sec/call  F  name
37.97   31.7477  2509932   0.000013     phi::parser::seq_base::parse
16.01   13.3841   635042   0.000021     phi::parser::alt_base::parse
 8.60    7.1914  1243934   0.000006     phi::parser::map::parse
 7.72    6.4580  5612753   0.000001     phi::parser::parser_base::fail
 4.25    3.5500   648580   0.000005     phi::parser::strconst::parse
 4.12    3.4414   638730   0.000005     phi::parser::strclass::parse
 3.86    3.2265  2476629   0.000001     phi::parser::alt_fixed::nth
 2.79    2.3305  1895751   0.000001     phi::parser::seq_fixed::nth
 2.23    1.8627   581490   0.000003     phi::compiler::value_parser_base::parse
 1.85    1.5506   265869   0.000006     phi::compiler::match_method::parse_val
 1.85    1.5480  1247253   0.000001     phi::parser::seq_repeat::nth_exit
 1.75    1.4630   256453   0.000006     phi::compiler::match_call::parse_val
 1.63    1.3636  1247690   0.000001     phi::parser::seq_repeat::nth
 1.19    0.9966   580761   0.000002     phi::compiler::value::at
 1.05    0.8789  1258174   0.000001     phi::parser::seq_fixed::nth_exit
 0.86    0.7149   659261   0.000001     phi::parser::parser_base::return
 0.81    0.6751  1287418   0.000001     UNIVERSAL::can
 0.54    0.4536   633072   0.000001     phi::parser::seq_fixed::must_consume
 0.33    0.2725    47623   0.000006     phi::compiler::match_constant::parse_val
 0.13    0.1084    14754   0.000007     phi::compiler::scope::parse_one
 0.07    0.0589     4850   0.000012     phi::compiler::match_rewritten::parse_val
 0.06    0.0517     9788   0.000005     phi::compiler::scope::simplify
 0.05    0.0427     4872   0.000009     phi::compiler::scope::method
 0.04    0.0330     9354   0.000004     phi::compiler::value::new
 0.03    0.0291     5031   0.000006     phi::compiler::emit::parse_val
 0.03    0.0245     4674   0.000005     <anon>:phi/parser.pm:73
 0.02    0.0190     1287   0.000015     phi::parser::strclass::parse_many
 0.02    0.0189     4918   0.000004     phi::compiler::value::method
 0.02    0.0164        1   0.016359     <anon>:phi/boot.pm:10
 0.02    0.0158     4403   0.000004     phi::compiler::value::constant
 0.02    0.0138     4403   0.000003     phi::boot::constant
 0.01    0.0084        1   0.008372     <anon>:test-rewrites:5
 0.01    0.0070     2887   0.000002     phi::parser::strinput::substr
 0.01    0.0066     1476   0.000004     phi::parser::strclass::match_length
 0.01    0.0055        0   0.005453  *  <other>
 0.01    0.0052        1   0.005164     <anon>:test-rewrites:6
 0.01    0.0051      935   0.000005     phi::compiler::match_arg::parse_val
 0.01    0.0051        1   0.005070     <anon>:phi/boot.pm:11
 0.00    0.0031        1   0.003059     <anon>:phi/parseapi.pm:132
 0.00    0.0030        1   0.003018     <anon>:phi/compiler.pm:23
 0.00    0.0026        1   0.002587     <anon>:phi/parseapi.pm:26
 0.00    0.0018       44   0.000041     constant::import
 0.00    0.0013       12   0.000105     phi::boot::int_op
 0.00    0.0011       38   0.000029     phi::compiler::scope::parse
 0.00    0.0009        1   0.000909     <anon>:...are/perl/5.22/overload.pm:83
 0.00    0.0008       51   0.000016     phi::parser::seq_fixed::seq
 0.00    0.0008       46   0.000018     phi::parser::parser_base::spaced
 0.00    0.0007      437   0.000002     phi::parser::seq_repeat::must_consume
 0.00    0.0006        1   0.000622     <anon>:phi/parser.pm:31
 0.00    0.0006      102   0.000006     phi::parser::parser_base::seq_op
 0.00    0.0006       37   0.000016     phi::boot::type_predicate
 0.00    0.0006       59   0.000010     phi::parser::parser_base::map
 0.00    0.0006       94   0.000006     phi::parser::parser_base::maybe
 0.00    0.0005       41   0.000012     phi::parser::strclass::parse_one
 0.00    0.0004       25   0.000017     parent::import
 0.00    0.0004        3   0.000134     Exporter::export
 0.00    0.0004       95   0.000004     phi::parser::seq_repeat::new
 0.00    0.0004      102   0.000004     phi::parser::seq_fixed::new
 0.00    0.0003       59   0.000006     phi::parser::map::new
 0.00    0.0003       51   0.000006     phi::parser::parser_base::seq
 0.00    0.0003        7   0.000041     Exporter::import
 0.00    0.0003       54   0.000005     phi::compiler::match_constant::new
 0.00    0.0003       15   0.000017     <anon>:phi/parser.pm:151
 0.00    0.0003        1   0.000257     <anon>:phi/boot.pm:418
 0.00    0.0003       49   0.000005     phi::compiler::match_rewritten::new
 0.00    0.0002       65   0.000004     phi::compiler::emit::new
 0.00    0.0002        2   0.000115     warnings::register_categories
 0.00    0.0002       44   0.000005     phi::compiler::match_method::new
 0.00    0.0002       20   0.000010     phi::compiler::scope::scope_continuation_for
 0.00    0.0002       12   0.000017     phi::boot::op_predicate
 0.00    0.0002        1   0.000198     List::Util::bootstrap
 0.00    0.0002       46   0.000004     Internals::SvREADONLY
 0.00    0.0002       41   0.000004     phi::compiler::value::get
 0.00    0.0002        4   0.000038     overload::OVERLOAD
 0.00    0.0001        1   0.000149     <anon>:phi/boot.pm:123
 0.00    0.0001       44   0.000003     mro::method_changed_in
 0.00    0.0001        1   0.000145     XSLoader::load
 0.00    0.0001        6   0.000023     phi::parser::strclass::new
 0.00    0.0001       12   0.000011     phi::boot::binary_fn
 0.00    0.0001       22   0.000006     phi::compiler::value::hosted
 0.00    0.0001        5   0.000025     phi::boot::name_binding
 0.00    0.0001       10   0.000012     strict::unimport
 0.00    0.0001       22   0.000005     phi::boot::hosted
 0.00    0.0001       10   0.000012     strict::bits
 0.00    0.0001        6   0.000019     phi::parser::parser_base::ignore
 0.00    0.0001        1   0.000109     DynaLoader::dl_load_file
 0.00    0.0001       21   0.000005     phi::compiler::match_call::new
 0.00    0.0001        1   0.000100     <anon>:phi/compiler.pm:24
 0.00    0.0001        8   0.000012     warnings::import
 0.00    0.0001       15   0.000006     phi::compiler::scope_parser::parse
 0.00    0.0001        1   0.000094     <anon>:phi/compiler.pm:26
 0.00    0.0001        1   0.000092     <anon>:phi/boot.pm:290
 0.00    0.0001       11   0.000008     strict::import
 0.00    0.0001        9   0.000009     phi::parseapi::str
 0.00    0.0001        1   0.000084     <anon>:phi/boot.pm:73
 0.00    0.0001        1   0.000081     <anon>:phi/boot.pm:21
 0.00    0.0001        3   0.000026     phi::parser::alt_fixed::alt
 0.00    0.0001       29   0.000003     UNIVERSAL::isa
 0.00    0.0001        1   0.000073     <anon>:...r/share/perl/5.22/Carp.pm:26
 0.00    0.0001        8   0.000009     <anon>:phi/parser.pm:231
 0.00    0.0001        5   0.000014     phi::compiler::scope::call
 0.00    0.0001        3   0.000024     warnings::unimport
 0.00    0.0001        1   0.000069     <anon>:...sr/share/perl/5.22/Carp.pm:3
 0.00    0.0001        1   0.000068     <anon>:phi/boot.pm:23
 0.00    0.0001        1   0.000068     <anon>:phi/boot.pm:59
 0.00    0.0001        1   0.000064     <anon>:phi/boot.pm:22
 0.00    0.0001        4   0.000015     overload::import
 0.00    0.0001        6   0.000010     phi::parser::parser_base::alt_op
 0.00    0.0001        3   0.000018     Exporter::as_heavy
 0.00    0.0001        9   0.000006     phi::parser::alt_fixed::new
 0.00    0.0000        1   0.000046     <anon>:phi/boot.pm:278
 0.00    0.0000        1   0.000045     <anon>:phi/boot.pm:310
 0.00    0.0000        9   0.000005     phi::compiler::value::call
 0.00    0.0000        9   0.000005     phi::parser::strconst::new
 0.00    0.0000        1   0.000044     <anon>:phi/compiler.pm:28
 0.00    0.0000        1   0.000044     <anon>:phi/compiler.pm:31
 0.00    0.0000        1   0.000043     <anon>:phi/boot.pm:303
 0.00    0.0000        4   0.000010     warnings::_mkMask
 0.00    0.0000        1   0.000040     <anon>:...u/perl/5.22/Scalar/Util.pm:9
 0.00    0.0000        1   0.000038     <anon>:phi/boot.pm:237
 0.00    0.0000        1   0.000037     <anon>:phi/boot.pm:321
 0.00    0.0000        1   0.000037     <anon>:.../share/perl/5.22/Carp.pm:589
 0.00    0.0000        3   0.000012     phi::parser::strclass::more_of
 0.00    0.0000        1   0.000034     <anon>:phi/boot.pm:334
 0.00    0.0000        1   0.000034     <anon>:phi/boot.pm:62
 0.00    0.0000        1   0.000034     <anon>:phi/boot.pm:296
 0.00    0.0000        1   0.000034     <anon>:phi/boot.pm:249
 0.00    0.0000        1   0.000033     <anon>:...hare/perl/5.22/constant.pm:2
 0.00    0.0000        2   0.000017     warnings::register::import
 0.00    0.0000        2   0.000016     overloading::unimport
 0.00    0.0000        1   0.000033     <anon>:...are/perl/5.22/constant.pm:45
 0.00    0.0000        1   0.000033     vars::import
 0.00    0.0000        2   0.000016     Carp::_fetch_sub
 0.00    0.0000        1   0.000031     <anon>:phi/boot.pm:117
 0.00    0.0000        1   0.000030     <anon>:phi/compiler.pm:25
 0.00    0.0000        2   0.000015     phi::compiler::scope::alt
 0.00    0.0000        1   0.000030     <anon>:phi/boot.pm:176
 0.00    0.0000        1   0.000030     <anon>:phi/boot.pm:127
 0.00    0.0000        1   0.000029     <anon>:phi/parser.pm:7
 0.00    0.0000        1   0.000029     <anon>:phi/parser.pm:246
 0.00    0.0000        1   0.000029     <anon>:phi/boot.pm:208
 0.00    0.0000        1   0.000029     <anon>:phi/boot.pm:167
 0.00    0.0000        1   0.000029     <anon>:phi/boot.pm:8
 0.00    0.0000        1   0.000028     <anon>:...e/perl/5.22/overloading.pm:2
 0.00    0.0000        1   0.000028     <anon>:phi/boot.pm:131
 0.00    0.0000        1   0.000028     phi::parser::parser_base::parens
 0.00    0.0000        1   0.000028     <anon>:phi/boot.pm:194
 0.00    0.0000        1   0.000028     <anon>:phi/boot.pm:7
 0.00    0.0000        3   0.000009     phi::parser::parser_base::alt
 0.00    0.0000        1   0.000027     <anon>:phi/boot.pm:147
 0.00    0.0000        1   0.000027     <anon>:phi/boot.pm:158
 0.00    0.0000        1   0.000026     <anon>:phi/boot.pm:154
 0.00    0.0000        1   0.000026     <anon>:...sr/share/perl/5.22/Carp.pm:4
 0.00    0.0000        1   0.000026     <anon>:phi/boot.pm:190
 0.00    0.0000        1   0.000026     <anon>:phi/boot.pm:142
 0.00    0.0000        1   0.000025     <anon>:phi/boot.pm:186
 0.00    0.0000        1   0.000025     <anon>:test-rewrites:2
 0.00    0.0000        3   0.000008     phi::parseapi::Mc
 0.00    0.0000        1   0.000025     <anon>:phi/boot.pm:200
 0.00    0.0000        1   0.000025     <anon>:...gnu/perl/5.22/List/Util.pm:9
 0.00    0.0000        1   0.000024     <anon>:...r/share/perl/5.22/Carp.pm:88
 0.00    0.0000        1   0.000024     <anon>:phi/boot.pm:110
 0.00    0.0000        1   0.000024     <anon>:phi/boot.pm:56
 0.00    0.0000        1   0.000024     <anon>:.../share/perl/5.22/Carp.pm:602
 0.00    0.0000        1   0.000023     <anon>:test-rewrites:3
 0.00    0.0000        1   0.000023     <anon>:phi/parseapi.pm:8
 0.00    0.0000        1   0.000023     <anon>:...re/perl/5.22/overload.pm:144
 0.00    0.0000        2   0.000011     phi::parser::parser_base::syntax
 0.00    0.0000        1   0.000023     <anon>:phi/boot.pm:109
 0.00    0.0000        1   0.000023     <anon>:.../share/perl/5.22/Carp.pm:131
 0.00    0.0000        1   0.000022     <anon>:phi/compiler.pm:6
 0.00    0.0000        5   0.000004     phi::compiler::scope::new
 0.00    0.0000        2   0.000011     phi::boot::arg_predicate
 0.00    0.0000        1   0.000021     <anon>:...r/share/perl/5.22/Carp.pm:68
 0.00    0.0000        1   0.000021     <anon>:phi/boot.pm:24
 0.00    0.0000        1   0.000021     <anon>:phi/boot.pm:111
 0.00    0.0000        1   0.000021     <anon>:phi/boot.pm:81
 0.00    0.0000        1   0.000020     <anon>:...re/perl/5.22/overload.pm:114
 0.00    0.0000        1   0.000020     <anon>:phi/compiler.pm:523
 0.00    0.0000        1   0.000019     <anon>:.../share/perl/5.22/Carp.pm:178
 0.00    0.0000        1   0.000019     <anon>:phi/compiler.pm:225
 0.00    0.0000        1   0.000018     <anon>:phi/parsestr.pm:44
 0.00    0.0000        1   0.000018     <anon>:phi/parser.pm:86
 0.00    0.0000        1   0.000018     <anon>:phi/parsestr.pm:66
 0.00    0.0000        1   0.000018     <anon>:...nu/perl/5.22/List/Util.pm:30
 0.00    0.0000        1   0.000018     <anon>:phi/parser.pm:106
 0.00    0.0000        1   0.000018     <anon>:.../share/perl/5.22/parent.pm:2
 0.00    0.0000        1   0.000018     <anon>:phi/parser.pm:219
 0.00    0.0000        1   0.000018     <anon>:phi/parser.pm:185
 0.00    0.0000        1   0.000018     <anon>:phi/parser.pm:140
 0.00    0.0000        1   0.000018     <anon>:phi/parser.pm:332
 0.00    0.0000        1   0.000018     <anon>:phi/parseapi.pm:141
 0.00    0.0000        1   0.000018     <anon>:phi/parser.pm:43
 0.00    0.0000        1   0.000018     <anon>:phi/parsestr.pm:6
 0.00    0.0000        1   0.000018     <anon>:test-rewrites:22
 0.00    0.0000        1   0.000018     <anon>:...r/share/perl/5.22/Carp.pm:55
 0.00    0.0000        1   0.000018     <anon>:.../share/perl/5.22/Carp.pm:609
 0.00    0.0000        1   0.000018     <anon>:phi/compiler.pm:319
 0.00    0.0000        2   0.000009     phi::parser::strclass::many_except
 0.00    0.0000        1   0.000018     <anon>:...are/perl/5.22/constant.pm:40
 0.00    0.0000        1   0.000018     <anon>:phi/compiler.pm:288
 0.00    0.0000        1   0.000018     <anon>:phi/parser.pm:276
 0.00    0.0000        1   0.000018     <anon>:phi/parser.pm:310
 0.00    0.0000        1   0.000018     <anon>:phi/compiler.pm:373
 0.00    0.0000        1   0.000018     <anon>:...share/perl/5.22/parent.pm:25
 0.00    0.0000        1   0.000018     <anon>:phi/parser.pm:59
 0.00    0.0000        1   0.000018     <anon>:phi/parseapi.pm:11
 0.00    0.0000        1   0.000018     <anon>:.../share/perl/5.22/parent.pm:3
 0.00    0.0000        1   0.000017     <anon>:phi/parser.pm:161
 0.00    0.0000        1   0.000017     <anon>:phi/compiler.pm:239
 0.00    0.0000        1   0.000017     <anon>:phi/parser.pm:290
 0.00    0.0000        1   0.000017     <anon>:phi/compiler.pm:256
 0.00    0.0000        1   0.000017     <anon>:phi/parseapi.pm:9
 0.00    0.0000        1   0.000017     <anon>:...sr/share/perl/5.22/Carp.pm:5
 0.00    0.0000        1   0.000017     <anon>:phi/compiler.pm:7
 0.00    0.0000        1   0.000016     <anon>:phi/compiler.pm:3
 0.00    0.0000        2   0.000008     phi::parseapi::me
 0.00    0.0000        1   0.000016     <anon>:phi/compiler.pm:416
 0.00    0.0000        1   0.000016     <anon>:phi/compiler.pm:349
 0.00    0.0000        1   0.000016     <anon>:test-rewrites:11
 0.00    0.0000        1   0.000015     <anon>:phi/parser.pm:8
 0.00    0.0000        1   0.000015     <anon>:...re/perl/5.22/constant.pm:141
 0.00    0.0000        1   0.000015     <anon>:phi/parsestr.pm:7
 0.00    0.0000        1   0.000014     DynaLoader::dl_install_xsub
 0.00    0.0000        1   0.000014     <anon>:phi/compiler.pm:115
 0.00    0.0000        1   0.000014     <anon>:...are/perl/5.22/constant.pm:65
 0.00    0.0000        1   0.000013     <anon>:phi/parser.pm:22
 0.00    0.0000        1   0.000013     <anon>:test-rewrites:12
 0.00    0.0000        1   0.000013     <anon>:...hare/perl/5.22/constant.pm:3
 0.00    0.0000        1   0.000013     <anon>:...are/perl/5.22/constant.pm:90
 0.00    0.0000        1   0.000013     <anon>:phi/compiler.pm:4
 0.00    0.0000        1   0.000012     <anon>:...hare/perl/5.22/constant.pm:4
 0.00    0.0000        2   0.000006     phi::compiler::match_arg::new
 0.00    0.0000        1   0.000012     phi::parser::parser_base::repeat_op
 0.00    0.0000        1   0.000011     phi::parser::strclass::one_of
 0.00    0.0000        1   0.000009     phi::parseapi::oc
 0.00    0.0000        1   0.000008     phi::parser::parser_base::repeat
 0.00    0.0000        2   0.000003     phi::compiler::value::arg
 0.00    0.0000        1   0.000007     phi::parser::strinput::new
 0.00    0.0000        1   0.000006     DynaLoader::dl_find_symbol
 0.00    0.0000        1   0.000006     DynaLoader::dl_undef_symbols
 0.00    0.0000        1   0.000005     phi::compiler::scope_parser::new
 0.00    0.0000        1   0.000004     phi::compiler::value::explain
 0.00    0.0000        1   0.000003     phi::compiler::value::explain_constant
